{"level":"info","msg":"READ ENV FILE SUCCESS","service":"ENV","time":"2022-12-20T07:05:08+07:00"}
{"level":"info","msg":"READ ENV FILE SUCCESS","service":"ENV","time":"2022-12-20T07:26:35+07:00"}
{"level":"info","msg":"READ ENV FILE SUCCESS","service":"ENV","time":"2022-12-20T09:55:39+07:00"}
{"level":"info","msg":"READ ENV FILE SUCCESS","service":"ENV","time":"2022-12-20T09:55:58+07:00"}
{"level":"info","msg":"READ ENV FILE SUCCESS","service":"ENV","time":"2022-12-20T21:17:22+07:00"}
{"level":"info","msg":"READ ENV FILE SUCCESS","service":"ENV","time":"2022-12-21T03:30:05+07:00"}
{"level":"info","msg":"success create table expenses","service":"Database Postgres","time":"2022-12-21T03:30:06+07:00"}
{"level":"info","msg":"READ ENV FILE SUCCESS","service":"ENV","time":"2022-12-21T03:33:13+07:00"}
{"level":"info","msg":"success create table expenses","service":"Database Postgres","time":"2022-12-21T03:33:13+07:00"}
{"level":"info","msg":"READ ENV FILE SUCCESS","service":"ENV","time":"2022-12-21T03:36:21+07:00"}
{"level":"info","msg":"success create table expenses or exists","service":"Database Postgres","time":"2022-12-21T03:36:22+07:00"}
{"level":"info","msg":"READ ENV FILE SUCCESS","service":"ENV","time":"2022-12-21T03:42:52+07:00"}
{"level":"info","msg":"success create table expenses or exists","service":"Database Postgres","time":"2022-12-21T03:42:52+07:00"}
{"level":"info","msg":"READ ENV FILE SUCCESS","service":"ENV","time":"2022-12-21T03:43:48+07:00"}
{"level":"info","msg":"success create table expenses or exists","service":"Database Postgres","time":"2022-12-21T03:43:48+07:00"}
{"level":"info","msg":"READ ENV FILE SUCCESS","service":"ENV","time":"2022-12-21T03:58:06+07:00"}
{"level":"info","msg":"success create table expenses or exists","service":"Database Postgres","time":"2022-12-21T03:58:07+07:00"}
{"level":"info","msg":"ECHO PREPARE TO START","service":"ECHO API","time":"2022-12-21T03:58:07+07:00"}
{"level":"info","msg":"READ ENV FILE SUCCESS","service":"ENV","time":"2022-12-21T04:24:11+07:00"}
{"level":"info","msg":"success create table expenses or exists","service":"Database Postgres","time":"2022-12-21T04:24:11+07:00"}
{"level":"info","msg":"ECHO PREPARE TO START","service":"ECHO API","time":"2022-12-21T04:24:11+07:00"}
{"level":"info","msg":"READ ENV FILE SUCCESS","service":"ENV","time":"2022-12-21T04:27:30+07:00"}
{"level":"info","msg":"success create table expenses or exists","service":"Database Postgres","time":"2022-12-21T04:27:31+07:00"}
{"level":"info","msg":"ECHO PREPARE TO START","service":"ECHO API","time":"2022-12-21T04:27:31+07:00"}
{"level":"info","msg":"READ ENV FILE SUCCESS","service":"ENV","time":"2022-12-21T04:31:18+07:00"}
{"level":"info","msg":"success create table expenses or exists","service":"Database Postgres","time":"2022-12-21T04:31:18+07:00"}
{"level":"info","msg":"ECHO PREPARE TO START","service":"ECHO API","time":"2022-12-21T04:31:18+07:00"}
{"level":"info","msg":"READ ENV FILE SUCCESS","service":"ENV","time":"2022-12-21T04:32:02+07:00"}
{"level":"info","msg":"success create table expenses or exists","service":"Database Postgres","time":"2022-12-21T04:32:02+07:00"}
{"level":"info","msg":"ECHO PREPARE TO START","service":"ECHO API","time":"2022-12-21T04:32:02+07:00"}
{"level":"info","msg":"READ ENV FILE SUCCESS","service":"ENV","time":"2022-12-21T04:33:09+07:00"}
{"level":"info","msg":"success create table expenses or exists","service":"Database Postgres","time":"2022-12-21T04:33:09+07:00"}
{"level":"info","msg":"ECHO PREPARE TO START","service":"ECHO API","time":"2022-12-21T04:33:09+07:00"}
{"level":"info","msg":"READ ENV FILE SUCCESS","service":"ENV","time":"2022-12-21T09:13:06+07:00"}
{"level":"info","msg":"success create table expenses or exists","service":"Database Postgres","time":"2022-12-21T09:13:07+07:00"}
{"level":"info","msg":"ECHO PREPARE TO START","service":"ECHO API","time":"2022-12-21T09:13:07+07:00"}
{"level":"info","msg":"READ ENV FILE SUCCESS","service":"ENV","time":"2022-12-21T09:45:19+07:00"}
{"level":"info","msg":"success create table expenses or exists","service":"Database Postgres","time":"2022-12-21T09:45:20+07:00"}
{"level":"info","msg":"ECHO PREPARE TO START","service":"ECHO API","time":"2022-12-21T09:45:20+07:00"}
{"level":"info","msg":"READ ENV FILE SUCCESS","service":"ENV","time":"2022-12-21T09:46:27+07:00"}
{"level":"info","msg":"success create table expenses or exists","service":"Database Postgres","time":"2022-12-21T09:46:28+07:00"}
{"level":"info","msg":"ECHO PREPARE TO START","service":"ECHO API","time":"2022-12-21T09:46:28+07:00"}
{"level":"info","msg":"READ ENV FILE SUCCESS","service":"ENV","time":"2022-12-21T10:20:47+07:00"}
{"level":"info","msg":"success create table expenses or exists","service":"Database Postgres","time":"2022-12-21T10:20:48+07:00"}
{"level":"info","msg":"ECHO PREPARE TO START","service":"ECHO API","time":"2022-12-21T10:20:48+07:00"}
{"level":"info","msg":"READ ENV FILE SUCCESS","service":"ENV","time":"2022-12-21T23:05:24+07:00"}
{"level":"info","msg":"success create table expenses or exists","service":"Database Postgres","time":"2022-12-21T23:05:25+07:00"}
{"level":"info","msg":"ECHO PREPARE TO START","service":"ECHO API","time":"2022-12-21T23:05:25+07:00"}
{"level":"info","msg":"READ ENV FILE SUCCESS","service":"ENV","time":"2022-12-21T23:19:05+07:00"}
{"level":"info","msg":"success create table expenses or exists","service":"Database Postgres","time":"2022-12-21T23:19:06+07:00"}
{"level":"info","msg":"ECHO PREPARE TO START","service":"ECHO API","time":"2022-12-21T23:19:06+07:00"}
{"level":"info","msg":"READ ENV FILE SUCCESS","service":"ENV","time":"2022-12-21T23:21:56+07:00"}
{"level":"info","msg":"success create table expenses or exists","service":"Database Postgres","time":"2022-12-21T23:21:57+07:00"}
{"level":"info","msg":"ECHO PREPARE TO START","service":"ECHO API","time":"2022-12-21T23:21:57+07:00"}
{"level":"info","msg":"READ ENV FILE SUCCESS","service":"ENV","time":"2022-12-21T23:25:32+07:00"}
{"level":"info","msg":"success create table expenses or exists","service":"Database Postgres","time":"2022-12-21T23:25:32+07:00"}
{"level":"info","msg":"ECHO PREPARE TO START","service":"ECHO API","time":"2022-12-21T23:25:32+07:00"}
{"level":"info","msg":"READ ENV FILE SUCCESS","service":"ENV","time":"2022-12-21T23:34:27+07:00"}
{"level":"info","msg":"success create table expenses or exists","service":"Database Postgres","time":"2022-12-21T23:34:28+07:00"}
{"level":"info","msg":"ECHO PREPARE TO START","service":"ECHO API","time":"2022-12-21T23:34:28+07:00"}
{"level":"info","msg":"READ ENV FILE SUCCESS","service":"ENV","time":"2022-12-21T23:40:12+07:00"}
{"level":"info","msg":"success create table expenses or exists","service":"Database Postgres","time":"2022-12-21T23:40:13+07:00"}
{"level":"info","msg":"ECHO PREPARE TO START","service":"ECHO API","time":"2022-12-21T23:40:13+07:00"}
{"level":"info","msg":"READ ENV FILE SUCCESS","service":"ENV","time":"2022-12-22T00:57:56+07:00"}
{"level":"info","msg":"success create table expenses or exists","service":"Database Postgres","time":"2022-12-22T00:57:57+07:00"}
{"level":"info","msg":"ECHO PREPARE TO START","service":"ECHO API","time":"2022-12-22T00:57:57+07:00"}
{"level":"info","msg":"success create table expenses or exists","service":"Database Postgres","time":"2022-12-23T02:36:55+07:00"}
{"level":"info","msg":"ECHO PREPARE TO START","service":"ECHO API","time":"2022-12-23T02:36:55+07:00"}
{"level":"info","msg":"success create table expenses or exists","service":"Database Postgres","time":"2022-12-23T02:39:04+07:00"}
{"level":"info","msg":"ECHO PREPARE TO START","service":"ECHO API","time":"2022-12-23T02:39:04+07:00"}
{"level":"info","msg":"success create table expenses or exists","service":"Database Postgres","time":"2022-12-23T02:40:15+07:00"}
{"level":"info","msg":"ECHO PREPARE TO START","service":"ECHO API","time":"2022-12-23T02:40:15+07:00"}
{"level":"info","msg":"success create table expenses or exists","service":"Database Postgres","time":"2022-12-23T02:43:29+07:00"}
{"level":"info","msg":"ECHO PREPARE TO START","service":"ECHO API","time":"2022-12-23T02:43:29+07:00"}
{"level":"info","msg":"success create table expenses or exists","service":"Database Postgres","time":"2022-12-23T02:49:56+07:00"}
{"level":"info","msg":"ECHO PREPARE TO START","service":"ECHO API","time":"2022-12-23T02:49:56+07:00"}
{"level":"info","msg":"ECHO API STOP","service":"ECHO API","time":"2022-12-23T02:49:56+07:00"}
{"level":"info","msg":"success create table expenses or exists","service":"Database Postgres","time":"2022-12-23T02:50:03+07:00"}
{"level":"info","msg":"ECHO PREPARE TO START","service":"ECHO API","time":"2022-12-23T02:50:03+07:00"}
{"level":"info","msg":"ECHO API STOP","service":"ECHO API","time":"2022-12-23T02:50:03+07:00"}
{"level":"info","msg":"success create table expenses or exists","service":"Database Postgres","time":"2022-12-23T02:52:37+07:00"}
{"level":"info","msg":"ECHO PREPARE TO START","service":"ECHO API","time":"2022-12-23T02:52:37+07:00"}
{"level":"info","msg":"ECHO API STOP","service":"ECHO API","time":"2022-12-23T02:52:37+07:00"}
{"level":"info","msg":"success create table expenses or exists","service":"Database Postgres","time":"2022-12-23T02:52:45+07:00"}
{"level":"info","msg":"ECHO PREPARE TO START","service":"ECHO API","time":"2022-12-23T02:52:45+07:00"}
{"level":"info","msg":"success create table expenses or exists","service":"Database Postgres","time":"2022-12-23T02:53:39+07:00"}
{"level":"info","msg":"ECHO PREPARE TO START","service":"ECHO API","time":"2022-12-23T02:53:39+07:00"}
{"level":"info","msg":"success create table expenses or exists","service":"Database Postgres","time":"2022-12-23T02:53:47+07:00"}
{"level":"info","msg":"ECHO PREPARE TO START","service":"ECHO API","time":"2022-12-23T02:53:47+07:00"}
{"level":"info","msg":"success create table expenses or exists","service":"Database Postgres","time":"2022-12-23T02:54:08+07:00"}
{"level":"info","msg":"ECHO PREPARE TO START","service":"ECHO API","time":"2022-12-23T02:54:08+07:00"}
{"level":"info","msg":"success create table expenses or exists","service":"Database Postgres","time":"2022-12-23T02:55:01+07:00"}
{"level":"info","msg":"ECHO PREPARE TO START","service":"ECHO API","time":"2022-12-23T02:55:01+07:00"}
{"level":"info","msg":"success create table expenses or exists","service":"Database Postgres","time":"2022-12-23T02:55:36+07:00"}
{"level":"info","msg":"ECHO PREPARE TO START","service":"ECHO API","time":"2022-12-23T02:55:36+07:00"}
{"level":"info","msg":"success create table expenses or exists","service":"Database Postgres","time":"2022-12-23T02:56:56+07:00"}
{"level":"info","msg":"ECHO PREPARE TO START","service":"ECHO API","time":"2022-12-23T02:56:56+07:00"}
{"level":"info","msg":"success create table expenses or exists","service":"Database Postgres","time":"2022-12-23T02:57:08+07:00"}
{"level":"info","msg":"ECHO PREPARE TO START","service":"ECHO API","time":"2022-12-23T02:57:08+07:00"}
{"level":"info","msg":"success create table expenses or exists","service":"Database Postgres","time":"2022-12-23T02:58:09+07:00"}
{"level":"info","msg":"ECHO PREPARE TO START","service":"ECHO API","time":"2022-12-23T02:58:09+07:00"}
{"level":"info","msg":"success create table expenses or exists","service":"Database Postgres","time":"2022-12-23T02:58:48+07:00"}
{"level":"info","msg":"ECHO PREPARE TO START","service":"ECHO API","time":"2022-12-23T02:58:48+07:00"}
{"level":"info","msg":"success create table expenses or exists","service":"Database Postgres","time":"2022-12-23T02:59:56+07:00"}
{"level":"info","msg":"ECHO PREPARE TO START","service":"ECHO API","time":"2022-12-23T02:59:56+07:00"}
{"level":"info","msg":"success create table expenses or exists","service":"Database Postgres","time":"2022-12-23T03:05:05+07:00"}
{"level":"info","msg":"ECHO PREPARE TO START","service":"ECHO API","time":"2022-12-23T03:05:05+07:00"}
{"level":"info","msg":"success create table expenses or exists","service":"Database Postgres","time":"2022-12-23T03:07:56+07:00"}
{"level":"info","msg":"ECHO PREPARE TO START","service":"ECHO API","time":"2022-12-23T03:07:56+07:00"}
{"level":"info","msg":"success create table expenses or exists","service":"Database Postgres","time":"2022-12-23T03:09:29+07:00"}
{"level":"info","msg":"ECHO PREPARE TO START","service":"ECHO API","time":"2022-12-23T03:09:29+07:00"}
{"level":"info","msg":"READ ENV FILE SUCCESS","service":"ENV","time":"2022-12-23T03:14:49+07:00"}
{"level":"info","msg":"success create table expenses or exists","service":"Database Postgres","time":"2022-12-23T03:14:49+07:00"}
{"level":"info","msg":"ECHO PREPARE TO START","service":"ECHO API","time":"2022-12-23T03:14:49+07:00"}
{"level":"info","msg":"READ ENV FILE SUCCESS","service":"ENV","time":"2022-12-23T03:15:54+07:00"}
{"level":"info","msg":"success create table expenses or exists","service":"Database Postgres","time":"2022-12-23T03:15:55+07:00"}
{"level":"info","msg":"ECHO PREPARE TO START","service":"ECHO API","time":"2022-12-23T03:15:55+07:00"}
{"level":"info","msg":"READ ENV FILE SUCCESS","service":"ENV","time":"2022-12-23T04:17:54+07:00"}
{"level":"info","msg":"success create table expenses or exists","service":"Database Postgres","time":"2022-12-23T04:17:55+07:00"}
{"level":"info","msg":"ECHO PREPARE TO START","service":"ECHO API","time":"2022-12-23T04:17:55+07:00"}
